{"level":"info","message":"21:function getMinutes() { [native code] } - 27:8:2021 | Info: Il server Web è stato avviato"}
{"level":"info","message":"21:function getMinutes() { [native code] } - 27:8:2021 | Info: Comando Caricato: bassboost"}
{"level":"info","message":"21:function getMinutes() { [native code] } - 27:8:2021 | Info: Comando Caricato: clear"}
{"level":"info","message":"21:function getMinutes() { [native code] } - 27:8:2021 | Info: Comando Caricato: config"}
{"level":"info","message":"21:function getMinutes() { [native code] } - 27:8:2021 | Info: Comando Caricato: disconnect"}
{"level":"info","message":"21:function getMinutes() { [native code] } - 27:8:2021 | Info: Comando Caricato: grab"}
{"level":"info","message":"21:function getMinutes() { [native code] } - 27:8:2021 | Info: Comando Caricato: help"}
{"level":"info","message":"21:function getMinutes() { [native code] } - 27:8:2021 | Info: Comando Caricato: loop"}
{"level":"info","message":"21:function getMinutes() { [native code] } - 27:8:2021 | Info: Comando Caricato: loopqueue"}
{"level":"info","message":"21:function getMinutes() { [native code] } - 27:8:2021 | Info: Comando Caricato: lyrics"}
{"level":"info","message":"21:function getMinutes() { [native code] } - 27:8:2021 | Info: Comando Caricato: nowplaying"}
{"level":"info","message":"21:function getMinutes() { [native code] } - 27:8:2021 | Info: Comando Caricato: pause"}
{"level":"info","message":"21:function getMinutes() { [native code] } - 27:8:2021 | Info: Comando Caricato: play"}
{"level":"info","message":"21:function getMinutes() { [native code] } - 27:8:2021 | Info: Comando Caricato: queue"}
{"level":"info","message":"21:function getMinutes() { [native code] } - 27:8:2021 | Info: Comando Caricato: remove"}
{"level":"info","message":"21:function getMinutes() { [native code] } - 27:8:2021 | Info: Comando Caricato: search"}
{"level":"info","message":"21:function getMinutes() { [native code] } - 27:8:2021 | Info: Comando Caricato: seek"}
{"level":"info","message":"21:function getMinutes() { [native code] } - 27:8:2021 | Info: Comando Caricato: shuffle"}
{"level":"info","message":"21:function getMinutes() { [native code] } - 27:8:2021 | Info: Comando Caricato: skip"}
{"level":"info","message":"21:function getMinutes() { [native code] } - 27:8:2021 | Info: Comando Caricato: stats"}
{"level":"info","message":"21:function getMinutes() { [native code] } - 27:8:2021 | Info: Comando Caricato: youtube"}
{"level":"info","message":"21:function getMinutes() { [native code] } - 27:8:2021 | Info: Evento Caricato: guildCreate"}
{"level":"info","message":"21:function getMinutes() { [native code] } - 27:8:2021 | Info: Evento Caricato: message"}
{"level":"info","message":"21:function getMinutes() { [native code] } - 27:8:2021 | Info: Evento Caricato: raw"}
{"level":"info","message":"21:function getMinutes() { [native code] } - 27:8:2021 | Info: Evento Caricato: ready"}
{"level":"info","message":"21:function getMinutes() { [native code] } - 27:8:2021 | Info: Evento Caricato: voiceStateUpdate"}
{"level":"info","message":"21:function getMinutes() { [native code] } - 27:8:2021 | Info: Accesso effettuato con successo come the store • music#5493"}
{"level":"info","message":"21:function getMinutes() { [native code] } - 27:8:2021 | Info: Registrazione dei comandi barra per 729317131178737719"}
{"level":"info","message":"21:function getMinutes() { [native code] } - 27:8:2021 | Info: Registrazione dei comandi barra per 783260040516993065"}
{"level":"info","message":"21:function getMinutes() { [native code] } - 27:8:2021 | Info: Registrazione dei comandi barra per 821405311444713473"}
{"level":"info","message":"21:function getMinutes() { [native code] } - 27:8:2021 | Info: Registrazione dei comandi barra per 821405341807018045"}
{"level":"info","message":"21:function getMinutes() { [native code] } - 27:8:2021 | Info: Registrazione dei comandi barra per 828332130995273778"}
{"level":"info","message":"21:function getMinutes() { [native code] } - 27:8:2021 | Info: Registrazione dei comandi barra per 877564254943842304"}
{"level":"info","message":"21:function getMinutes() { [native code] } - 27:8:2021 | Info: Registrazione dei comandi barra per 885580342818402304"}
{"level":"info","message":"21:function getMinutes() { [native code] } - 27:8:2021 | Info: [Slash Command]: [POST] Guild 729317131178737719, Command: bassboost"}
{"level":"info","message":"21:function getMinutes() { [native code] } - 27:8:2021 | Info: [Slash Command]: [POST] Guild 729317131178737719, Command: clear"}
{"level":"info","message":"21:function getMinutes() { [native code] } - 27:8:2021 | Info: [Slash Command]: [POST] Guild 729317131178737719, Command: config"}
{"level":"info","message":"21:function getMinutes() { [native code] } - 27:8:2021 | Info: [Slash Command]: [POST] Guild 729317131178737719, Command: disconnect"}
{"level":"info","message":"21:function getMinutes() { [native code] } - 27:8:2021 | Info: [Slash Command]: [POST] Guild 729317131178737719, Command: grab"}
{"level":"info","message":"21:function getMinutes() { [native code] } - 27:8:2021 | Info: [Slash Command]: [POST] Guild 729317131178737719, Command: help"}
{"level":"info","message":"21:function getMinutes() { [native code] } - 27:8:2021 | Info: [Slash Command]: [POST] Guild 729317131178737719, Command: loop"}
{"level":"info","message":"21:function getMinutes() { [native code] } - 27:8:2021 | Info: [Slash Command]: [POST] Guild 729317131178737719, Command: loopqueue"}
{"level":"info","message":"21:function getMinutes() { [native code] } - 27:8:2021 | Info: [Slash Command]: [POST] Guild 729317131178737719, Command: lyrics"}
{"level":"info","message":"21:function getMinutes() { [native code] } - 27:8:2021 | Info: [Slash Command]: [POST] Guild 729317131178737719, Command: nowplaying"}
{"level":"info","message":"21:function getMinutes() { [native code] } - 27:8:2021 | Info: [Slash Command]: [POST] Guild 729317131178737719, Command: pause"}
{"level":"info","message":"21:function getMinutes() { [native code] } - 27:8:2021 | Info: [Slash Command]: [POST] Guild 729317131178737719, Command: play"}
{"level":"info","message":"21:function getMinutes() { [native code] } - 27:8:2021 | Info: [Slash Command]: [POST] Guild 729317131178737719, Command: queue"}
{"level":"info","message":"21:function getMinutes() { [native code] } - 27:8:2021 | Info: [Slash Command]: [POST] Guild 729317131178737719, Command: remove"}
{"level":"info","message":"21:function getMinutes() { [native code] } - 27:8:2021 | Info: [Slash Command]: [POST] Guild 729317131178737719, Command: search"}
{"level":"info","message":"21:function getMinutes() { [native code] } - 27:8:2021 | Info: [Slash Command]: [POST] Guild 729317131178737719, Command: shuffle"}
{"level":"info","message":"21:function getMinutes() { [native code] } - 27:8:2021 | Info: [Slash Command]: [POST] Guild 729317131178737719, Command: skip"}
{"level":"info","message":"21:function getMinutes() { [native code] } - 27:8:2021 | Info: [Slash Command]: [POST] Guild 729317131178737719, Command: stats"}
{"level":"info","message":"21:function getMinutes() { [native code] } - 27:8:2021 | Info: [Slash Command]: [POST] Guild 729317131178737719, Command: youtube"}
{"level":"info","message":"21:function getMinutes() { [native code] } - 27:8:2021 | Info: [Slash Command]: [POST] Guild 783260040516993065, Command: bassboost"}
{"level":"info","message":"21:function getMinutes() { [native code] } - 27:8:2021 | Info: [Slash Command]: [POST] Guild 783260040516993065, Command: clear"}
{"level":"info","message":"21:function getMinutes() { [native code] } - 27:8:2021 | Info: [Slash Command]: [POST] Guild 783260040516993065, Command: config"}
{"level":"info","message":"21:function getMinutes() { [native code] } - 27:8:2021 | Info: [Slash Command]: [POST] Guild 783260040516993065, Command: disconnect"}
{"level":"info","message":"21:function getMinutes() { [native code] } - 27:8:2021 | Info: [Slash Command]: [POST] Guild 783260040516993065, Command: grab"}
{"level":"info","message":"21:function getMinutes() { [native code] } - 27:8:2021 | Info: [Slash Command]: [POST] Guild 783260040516993065, Command: help"}
{"level":"info","message":"21:function getMinutes() { [native code] } - 27:8:2021 | Info: [Slash Command]: [POST] Guild 783260040516993065, Command: loop"}
{"level":"info","message":"21:function getMinutes() { [native code] } - 27:8:2021 | Info: [Slash Command]: [POST] Guild 783260040516993065, Command: loopqueue"}
{"level":"info","message":"21:function getMinutes() { [native code] } - 27:8:2021 | Info: [Slash Command]: [POST] Guild 783260040516993065, Command: lyrics"}
{"level":"info","message":"21:function getMinutes() { [native code] } - 27:8:2021 | Info: [Slash Command]: [POST] Guild 783260040516993065, Command: nowplaying"}
{"level":"info","message":"21:function getMinutes() { [native code] } - 27:8:2021 | Info: [Slash Command]: [POST] Guild 783260040516993065, Command: pause"}
{"level":"info","message":"21:function getMinutes() { [native code] } - 27:8:2021 | Info: [Slash Command]: [POST] Guild 783260040516993065, Command: play"}
{"level":"info","message":"21:function getMinutes() { [native code] } - 27:8:2021 | Info: [Slash Command]: [POST] Guild 783260040516993065, Command: queue"}
{"level":"info","message":"21:function getMinutes() { [native code] } - 27:8:2021 | Info: [Slash Command]: [POST] Guild 783260040516993065, Command: remove"}
{"level":"info","message":"21:function getMinutes() { [native code] } - 27:8:2021 | Info: [Slash Command]: [POST] Guild 783260040516993065, Command: search"}
{"level":"info","message":"21:function getMinutes() { [native code] } - 27:8:2021 | Info: [Slash Command]: [POST] Guild 783260040516993065, Command: shuffle"}
{"level":"info","message":"21:function getMinutes() { [native code] } - 27:8:2021 | Info: [Slash Command]: [POST] Guild 783260040516993065, Command: skip"}
{"level":"info","message":"21:function getMinutes() { [native code] } - 27:8:2021 | Info: [Slash Command]: [POST] Guild 783260040516993065, Command: stats"}
{"level":"info","message":"21:function getMinutes() { [native code] } - 27:8:2021 | Info: [Slash Command]: [POST] Guild 783260040516993065, Command: youtube"}
{"level":"info","message":"21:function getMinutes() { [native code] } - 27:8:2021 | Info: [Slash Command]: [POST] Guild 821405311444713473, Command: bassboost"}
{"level":"info","message":"21:function getMinutes() { [native code] } - 27:8:2021 | Info: [Slash Command]: [POST] Guild 821405311444713473, Command: clear"}
{"level":"info","message":"21:function getMinutes() { [native code] } - 27:8:2021 | Info: [Slash Command]: [POST] Guild 821405311444713473, Command: config"}
{"level":"info","message":"21:function getMinutes() { [native code] } - 27:8:2021 | Info: [Slash Command]: [POST] Guild 821405311444713473, Command: disconnect"}
{"level":"info","message":"21:function getMinutes() { [native code] } - 27:8:2021 | Info: [Slash Command]: [POST] Guild 821405311444713473, Command: grab"}
{"level":"info","message":"21:function getMinutes() { [native code] } - 27:8:2021 | Info: [Slash Command]: [POST] Guild 821405311444713473, Command: help"}
{"level":"info","message":"21:function getMinutes() { [native code] } - 27:8:2021 | Info: [Slash Command]: [POST] Guild 821405311444713473, Command: loop"}
{"level":"info","message":"21:function getMinutes() { [native code] } - 27:8:2021 | Info: [Slash Command]: [POST] Guild 821405311444713473, Command: loopqueue"}
{"level":"info","message":"21:function getMinutes() { [native code] } - 27:8:2021 | Info: [Slash Command]: [POST] Guild 821405311444713473, Command: lyrics"}
{"level":"info","message":"21:function getMinutes() { [native code] } - 27:8:2021 | Info: [Slash Command]: [POST] Guild 821405311444713473, Command: nowplaying"}
{"level":"info","message":"21:function getMinutes() { [native code] } - 27:8:2021 | Info: [Slash Command]: [POST] Guild 821405311444713473, Command: pause"}
{"level":"info","message":"21:function getMinutes() { [native code] } - 27:8:2021 | Info: [Slash Command]: [POST] Guild 821405311444713473, Command: play"}
{"level":"info","message":"21:function getMinutes() { [native code] } - 27:8:2021 | Info: [Slash Command]: [POST] Guild 821405311444713473, Command: queue"}
{"level":"info","message":"21:function getMinutes() { [native code] } - 27:8:2021 | Info: [Slash Command]: [POST] Guild 821405311444713473, Command: remove"}
{"level":"info","message":"21:function getMinutes() { [native code] } - 27:8:2021 | Info: [Slash Command]: [POST] Guild 821405311444713473, Command: search"}
{"level":"info","message":"21:function getMinutes() { [native code] } - 27:8:2021 | Info: [Slash Command]: [POST] Guild 821405311444713473, Command: shuffle"}
{"level":"info","message":"21:function getMinutes() { [native code] } - 27:8:2021 | Info: [Slash Command]: [POST] Guild 821405311444713473, Command: skip"}
{"level":"info","message":"21:function getMinutes() { [native code] } - 27:8:2021 | Info: [Slash Command]: [POST] Guild 821405311444713473, Command: stats"}
{"level":"info","message":"21:function getMinutes() { [native code] } - 27:8:2021 | Info: [Slash Command]: [POST] Guild 821405311444713473, Command: youtube"}
{"level":"info","message":"21:function getMinutes() { [native code] } - 27:8:2021 | Info: [Slash Command]: [POST] Guild 821405341807018045, Command: bassboost"}
{"level":"info","message":"21:function getMinutes() { [native code] } - 27:8:2021 | Info: [Slash Command]: [POST] Guild 821405341807018045, Command: clear"}
{"level":"info","message":"21:function getMinutes() { [native code] } - 27:8:2021 | Info: [Slash Command]: [POST] Guild 821405341807018045, Command: config"}
{"level":"info","message":"21:function getMinutes() { [native code] } - 27:8:2021 | Info: [Slash Command]: [POST] Guild 821405341807018045, Command: disconnect"}
{"level":"info","message":"21:function getMinutes() { [native code] } - 27:8:2021 | Info: [Slash Command]: [POST] Guild 821405341807018045, Command: grab"}
{"level":"info","message":"21:function getMinutes() { [native code] } - 27:8:2021 | Info: [Slash Command]: [POST] Guild 821405341807018045, Command: help"}
{"level":"info","message":"21:function getMinutes() { [native code] } - 27:8:2021 | Info: [Slash Command]: [POST] Guild 821405341807018045, Command: loop"}
{"level":"info","message":"21:function getMinutes() { [native code] } - 27:8:2021 | Info: [Slash Command]: [POST] Guild 821405341807018045, Command: loopqueue"}
{"level":"info","message":"21:function getMinutes() { [native code] } - 27:8:2021 | Info: [Slash Command]: [POST] Guild 821405341807018045, Command: lyrics"}
{"level":"info","message":"21:function getMinutes() { [native code] } - 27:8:2021 | Info: [Slash Command]: [POST] Guild 821405341807018045, Command: nowplaying"}
{"level":"info","message":"21:function getMinutes() { [native code] } - 27:8:2021 | Info: [Slash Command]: [POST] Guild 821405341807018045, Command: pause"}
{"level":"info","message":"21:function getMinutes() { [native code] } - 27:8:2021 | Info: [Slash Command]: [POST] Guild 821405341807018045, Command: play"}
{"level":"info","message":"21:function getMinutes() { [native code] } - 27:8:2021 | Info: [Slash Command]: [POST] Guild 821405341807018045, Command: queue"}
{"level":"info","message":"21:function getMinutes() { [native code] } - 27:8:2021 | Info: [Slash Command]: [POST] Guild 821405341807018045, Command: remove"}
{"level":"info","message":"21:function getMinutes() { [native code] } - 27:8:2021 | Info: [Slash Command]: [POST] Guild 821405341807018045, Command: search"}
{"level":"info","message":"21:function getMinutes() { [native code] } - 27:8:2021 | Info: [Slash Command]: [POST] Guild 821405341807018045, Command: shuffle"}
{"level":"info","message":"21:function getMinutes() { [native code] } - 27:8:2021 | Info: [Slash Command]: [POST] Guild 821405341807018045, Command: skip"}
{"level":"info","message":"21:function getMinutes() { [native code] } - 27:8:2021 | Info: [Slash Command]: [POST] Guild 821405341807018045, Command: stats"}
{"level":"info","message":"21:function getMinutes() { [native code] } - 27:8:2021 | Info: [Slash Command]: [POST] Guild 821405341807018045, Command: youtube"}
{"level":"info","message":"21:function getMinutes() { [native code] } - 27:8:2021 | Info: [Slash Command]: [POST] Guild 828332130995273778, Command: bassboost"}
{"level":"info","message":"21:function getMinutes() { [native code] } - 27:8:2021 | Info: [Slash Command]: [POST] Guild 828332130995273778, Command: clear"}
{"level":"info","message":"21:function getMinutes() { [native code] } - 27:8:2021 | Info: [Slash Command]: [POST] Guild 828332130995273778, Command: config"}
{"level":"info","message":"21:function getMinutes() { [native code] } - 27:8:2021 | Info: [Slash Command]: [POST] Guild 828332130995273778, Command: disconnect"}
{"level":"info","message":"21:function getMinutes() { [native code] } - 27:8:2021 | Info: [Slash Command]: [POST] Guild 828332130995273778, Command: grab"}
{"level":"info","message":"21:function getMinutes() { [native code] } - 27:8:2021 | Info: [Slash Command]: [POST] Guild 828332130995273778, Command: help"}
{"level":"info","message":"21:function getMinutes() { [native code] } - 27:8:2021 | Info: [Slash Command]: [POST] Guild 828332130995273778, Command: loop"}
{"level":"info","message":"21:function getMinutes() { [native code] } - 27:8:2021 | Info: [Slash Command]: [POST] Guild 828332130995273778, Command: loopqueue"}
{"level":"info","message":"21:function getMinutes() { [native code] } - 27:8:2021 | Info: [Slash Command]: [POST] Guild 828332130995273778, Command: lyrics"}
{"level":"info","message":"21:function getMinutes() { [native code] } - 27:8:2021 | Info: [Slash Command]: [POST] Guild 828332130995273778, Command: nowplaying"}
{"level":"info","message":"21:function getMinutes() { [native code] } - 27:8:2021 | Info: [Slash Command]: [POST] Guild 828332130995273778, Command: pause"}
{"level":"info","message":"21:function getMinutes() { [native code] } - 27:8:2021 | Info: [Slash Command]: [POST] Guild 828332130995273778, Command: play"}
{"level":"info","message":"21:function getMinutes() { [native code] } - 27:8:2021 | Info: [Slash Command]: [POST] Guild 828332130995273778, Command: queue"}
{"level":"info","message":"21:function getMinutes() { [native code] } - 27:8:2021 | Info: [Slash Command]: [POST] Guild 828332130995273778, Command: remove"}
{"level":"info","message":"21:function getMinutes() { [native code] } - 27:8:2021 | Info: [Slash Command]: [POST] Guild 828332130995273778, Command: search"}
{"level":"info","message":"21:function getMinutes() { [native code] } - 27:8:2021 | Info: [Slash Command]: [POST] Guild 828332130995273778, Command: shuffle"}
{"level":"info","message":"21:function getMinutes() { [native code] } - 27:8:2021 | Info: [Slash Command]: [POST] Guild 828332130995273778, Command: skip"}
{"level":"info","message":"21:function getMinutes() { [native code] } - 27:8:2021 | Info: [Slash Command]: [POST] Guild 828332130995273778, Command: stats"}
{"level":"info","message":"21:function getMinutes() { [native code] } - 27:8:2021 | Info: [Slash Command]: [POST] Guild 828332130995273778, Command: youtube"}
{"level":"info","message":"21:function getMinutes() { [native code] } - 27:8:2021 | Info: [Slash Command]: [POST] Guild 877564254943842304, Command: bassboost"}
{"level":"info","message":"21:function getMinutes() { [native code] } - 27:8:2021 | Info: [Slash Command]: [POST] Guild 877564254943842304, Command: clear"}
{"level":"info","message":"21:function getMinutes() { [native code] } - 27:8:2021 | Info: [Slash Command]: [POST] Guild 877564254943842304, Command: config"}
{"level":"info","message":"21:function getMinutes() { [native code] } - 27:8:2021 | Info: [Slash Command]: [POST] Guild 877564254943842304, Command: disconnect"}
{"level":"info","message":"21:function getMinutes() { [native code] } - 27:8:2021 | Info: [Slash Command]: [POST] Guild 877564254943842304, Command: grab"}
{"level":"info","message":"21:function getMinutes() { [native code] } - 27:8:2021 | Info: [Slash Command]: [POST] Guild 877564254943842304, Command: help"}
{"level":"info","message":"21:function getMinutes() { [native code] } - 27:8:2021 | Info: [Slash Command]: [POST] Guild 877564254943842304, Command: loop"}
{"level":"info","message":"21:function getMinutes() { [native code] } - 27:8:2021 | Info: [Slash Command]: [POST] Guild 877564254943842304, Command: loopqueue"}
{"level":"info","message":"21:function getMinutes() { [native code] } - 27:8:2021 | Info: [Slash Command]: [POST] Guild 877564254943842304, Command: lyrics"}
{"level":"info","message":"21:function getMinutes() { [native code] } - 27:8:2021 | Info: [Slash Command]: [POST] Guild 877564254943842304, Command: nowplaying"}
{"level":"info","message":"21:function getMinutes() { [native code] } - 27:8:2021 | Info: [Slash Command]: [POST] Guild 877564254943842304, Command: pause"}
{"level":"info","message":"21:function getMinutes() { [native code] } - 27:8:2021 | Info: [Slash Command]: [POST] Guild 877564254943842304, Command: play"}
{"level":"info","message":"21:function getMinutes() { [native code] } - 27:8:2021 | Info: [Slash Command]: [POST] Guild 877564254943842304, Command: queue"}
{"level":"info","message":"21:function getMinutes() { [native code] } - 27:8:2021 | Info: [Slash Command]: [POST] Guild 877564254943842304, Command: remove"}
{"level":"info","message":"21:function getMinutes() { [native code] } - 27:8:2021 | Info: [Slash Command]: [POST] Guild 877564254943842304, Command: search"}
{"level":"info","message":"21:function getMinutes() { [native code] } - 27:8:2021 | Info: [Slash Command]: [POST] Guild 877564254943842304, Command: shuffle"}
{"level":"info","message":"21:function getMinutes() { [native code] } - 27:8:2021 | Info: [Slash Command]: [POST] Guild 877564254943842304, Command: skip"}
{"level":"info","message":"21:function getMinutes() { [native code] } - 27:8:2021 | Info: [Slash Command]: [POST] Guild 877564254943842304, Command: stats"}
{"level":"info","message":"21:function getMinutes() { [native code] } - 27:8:2021 | Info: [Slash Command]: [POST] Guild 877564254943842304, Command: youtube"}
{"level":"info","message":"21:function getMinutes() { [native code] } - 27:8:2021 | Info: [Slash Command]: [POST] Guild 885580342818402304, Command: bassboost"}
{"level":"info","message":"21:function getMinutes() { [native code] } - 27:8:2021 | Info: [Slash Command]: [POST] Guild 885580342818402304, Command: clear"}
{"level":"info","message":"21:function getMinutes() { [native code] } - 27:8:2021 | Info: [Slash Command]: [POST] Guild 885580342818402304, Command: config"}
{"level":"info","message":"21:function getMinutes() { [native code] } - 27:8:2021 | Info: [Slash Command]: [POST] Guild 885580342818402304, Command: disconnect"}
{"level":"info","message":"21:function getMinutes() { [native code] } - 27:8:2021 | Info: [Slash Command]: [POST] Guild 885580342818402304, Command: grab"}
{"level":"info","message":"21:function getMinutes() { [native code] } - 27:8:2021 | Info: [Slash Command]: [POST] Guild 885580342818402304, Command: help"}
{"level":"info","message":"21:function getMinutes() { [native code] } - 27:8:2021 | Info: [Slash Command]: [POST] Guild 885580342818402304, Command: loop"}
{"level":"info","message":"21:function getMinutes() { [native code] } - 27:8:2021 | Info: [Slash Command]: [POST] Guild 885580342818402304, Command: loopqueue"}
{"level":"info","message":"21:function getMinutes() { [native code] } - 27:8:2021 | Info: [Slash Command]: [POST] Guild 885580342818402304, Command: lyrics"}
{"level":"info","message":"21:function getMinutes() { [native code] } - 27:8:2021 | Info: [Slash Command]: [POST] Guild 885580342818402304, Command: nowplaying"}
{"level":"info","message":"21:function getMinutes() { [native code] } - 27:8:2021 | Info: [Slash Command]: [POST] Guild 885580342818402304, Command: pause"}
{"level":"info","message":"21:function getMinutes() { [native code] } - 27:8:2021 | Info: [Slash Command]: [POST] Guild 885580342818402304, Command: play"}
{"level":"info","message":"21:function getMinutes() { [native code] } - 27:8:2021 | Info: [Slash Command]: [POST] Guild 885580342818402304, Command: queue"}
{"level":"info","message":"21:function getMinutes() { [native code] } - 27:8:2021 | Info: [Slash Command]: [POST] Guild 885580342818402304, Command: remove"}
{"level":"info","message":"21:function getMinutes() { [native code] } - 27:8:2021 | Info: [Slash Command]: [POST] Guild 885580342818402304, Command: search"}
{"level":"info","message":"21:function getMinutes() { [native code] } - 27:8:2021 | Info: [Slash Command]: [POST] Guild 885580342818402304, Command: shuffle"}
{"level":"info","message":"21:function getMinutes() { [native code] } - 27:8:2021 | Info: [Slash Command]: [POST] Guild 885580342818402304, Command: skip"}
{"level":"info","message":"21:function getMinutes() { [native code] } - 27:8:2021 | Info: [Slash Command]: [POST] Guild 885580342818402304, Command: stats"}
{"level":"info","message":"21:function getMinutes() { [native code] } - 27:8:2021 | Info: [Slash Command]: [POST] Guild 885580342818402304, Command: youtube"}
{"level":"info","message":"21:function getMinutes() { [native code] } - 27:8:2021 | Info: [Slash Command]: [POST-FAILED] Guild 828332130995273778, Command: bassboost"}
{"level":"info","message":"21:function getMinutes() { [native code] } - 27:8:2021 | Info: [Slash Command]: [POST-FAILED] Guild 877564254943842304, Command: bassboost"}
{"level":"info","message":"21:function getMinutes() { [native code] } - 27:8:2021 | Info: [Slash Command]: [POST-FAILED] Guild 828332130995273778, Command: clear"}
{"level":"info","message":"21:function getMinutes() { [native code] } - 27:8:2021 | Info: [Slash Command]: [POST-FAILED] Guild 877564254943842304, Command: clear"}
{"level":"info","message":"21:function getMinutes() { [native code] } - 27:8:2021 | Info: [Slash Command]: [POST-FAILED] Guild 828332130995273778, Command: config"}
{"level":"info","message":"21:function getMinutes() { [native code] } - 27:8:2021 | Info: [Slash Command]: [POST-FAILED] Guild 877564254943842304, Command: config"}
{"level":"info","message":"21:function getMinutes() { [native code] } - 27:8:2021 | Info: [Slash Command]: [POST-FAILED] Guild 828332130995273778, Command: disconnect"}
{"level":"info","message":"21:function getMinutes() { [native code] } - 27:8:2021 | Info: [Slash Command]: [POST-FAILED] Guild 877564254943842304, Command: disconnect"}
{"level":"info","message":"21:function getMinutes() { [native code] } - 27:8:2021 | Info: [Slash Command]: [POST-FAILED] Guild 828332130995273778, Command: grab"}
{"level":"info","message":"21:function getMinutes() { [native code] } - 27:8:2021 | Info: [Slash Command]: [POST-FAILED] Guild 877564254943842304, Command: grab"}
{"level":"info","message":"21:function getMinutes() { [native code] } - 27:8:2021 | Info: [Slash Command]: [POST-FAILED] Guild 828332130995273778, Command: help"}
{"level":"info","message":"21:function getMinutes() { [native code] } - 27:8:2021 | Info: [Slash Command]: [POST-FAILED] Guild 877564254943842304, Command: help"}
{"level":"info","message":"21:function getMinutes() { [native code] } - 27:8:2021 | Info: [Slash Command]: [POST-FAILED] Guild 828332130995273778, Command: loop"}
{"level":"info","message":"21:function getMinutes() { [native code] } - 27:8:2021 | Info: [Slash Command]: [POST-FAILED] Guild 877564254943842304, Command: loop"}
{"level":"info","message":"21:function getMinutes() { [native code] } - 27:8:2021 | Info: [Slash Command]: [POST-FAILED] Guild 828332130995273778, Command: loopqueue"}
{"level":"info","message":"21:function getMinutes() { [native code] } - 27:8:2021 | Info: [Slash Command]: [POST-FAILED] Guild 877564254943842304, Command: loopqueue"}
{"level":"info","message":"21:function getMinutes() { [native code] } - 27:8:2021 | Info: [Slash Command]: [POST-FAILED] Guild 828332130995273778, Command: lyrics"}
{"level":"info","message":"21:function getMinutes() { [native code] } - 27:8:2021 | Info: [Slash Command]: [POST-FAILED] Guild 877564254943842304, Command: lyrics"}
{"level":"info","message":"21:function getMinutes() { [native code] } - 27:8:2021 | Info: [Slash Command]: [POST-FAILED] Guild 828332130995273778, Command: nowplaying"}
{"level":"info","message":"21:function getMinutes() { [native code] } - 27:8:2021 | Info: [Slash Command]: [POST-FAILED] Guild 877564254943842304, Command: nowplaying"}
{"level":"info","message":"21:function getMinutes() { [native code] } - 27:8:2021 | Info: [Slash Command]: [POST-FAILED] Guild 828332130995273778, Command: pause"}
{"level":"info","message":"21:function getMinutes() { [native code] } - 27:8:2021 | Info: [Slash Command]: [POST-FAILED] Guild 828332130995273778, Command: play"}
{"level":"info","message":"21:function getMinutes() { [native code] } - 27:8:2021 | Info: [Slash Command]: [POST-FAILED] Guild 828332130995273778, Command: queue"}
{"level":"info","message":"21:function getMinutes() { [native code] } - 27:8:2021 | Info: [Slash Command]: [POST-FAILED] Guild 828332130995273778, Command: remove"}
{"level":"info","message":"21:function getMinutes() { [native code] } - 27:8:2021 | Info: [Slash Command]: [POST-FAILED] Guild 828332130995273778, Command: search"}
{"level":"info","message":"21:function getMinutes() { [native code] } - 27:8:2021 | Info: [Slash Command]: [POST-FAILED] Guild 877564254943842304, Command: pause"}
{"level":"info","message":"21:function getMinutes() { [native code] } - 27:8:2021 | Info: [Slash Command]: [POST-FAILED] Guild 877564254943842304, Command: play"}
{"level":"info","message":"21:function getMinutes() { [native code] } - 27:8:2021 | Info: [Slash Command]: [POST-FAILED] Guild 877564254943842304, Command: queue"}
{"level":"info","message":"21:function getMinutes() { [native code] } - 27:8:2021 | Info: [Slash Command]: [POST-FAILED] Guild 877564254943842304, Command: remove"}
{"level":"info","message":"21:function getMinutes() { [native code] } - 27:8:2021 | Info: [Slash Command]: [POST-FAILED] Guild 877564254943842304, Command: search"}
{"level":"info","message":"21:function getMinutes() { [native code] } - 27:8:2021 | Info: [Slash Command]: [POST-FAILED] Guild 828332130995273778, Command: shuffle"}
{"level":"info","message":"21:function getMinutes() { [native code] } - 27:8:2021 | Info: [Slash Command]: [POST-FAILED] Guild 828332130995273778, Command: skip"}
{"level":"info","message":"21:function getMinutes() { [native code] } - 27:8:2021 | Info: [Slash Command]: [POST-FAILED] Guild 828332130995273778, Command: stats"}
{"level":"info","message":"21:function getMinutes() { [native code] } - 27:8:2021 | Info: [Slash Command]: [POST-FAILED] Guild 877564254943842304, Command: shuffle"}
{"level":"info","message":"21:function getMinutes() { [native code] } - 27:8:2021 | Info: [Slash Command]: [POST-FAILED] Guild 877564254943842304, Command: skip"}
{"level":"info","message":"21:function getMinutes() { [native code] } - 27:8:2021 | Info: [Slash Command]: [POST-FAILED] Guild 828332130995273778, Command: youtube"}
{"level":"info","message":"21:function getMinutes() { [native code] } - 27:8:2021 | Info: [Slash Command]: [POST-FAILED] Guild 877564254943842304, Command: stats"}
{"level":"info","message":"21:function getMinutes() { [native code] } - 27:8:2021 | Info: [Slash Command]: [POST-FAILED] Guild 877564254943842304, Command: youtube"}
{"level":"info","message":"21:function getMinutes() { [native code] } - 27:8:2021 | Info: Lavalink: Node Mainha avuto un errore: connect ETIMEDOUT 35.186.245.55:433"}
{"level":"info","message":"21:function getMinutes() { [native code] } - 27:8:2021 | Info: Lavalink: Node Mainha avuto un errore: connect ETIMEDOUT 35.186.245.55:433"}
{"level":"info","message":"21:function getMinutes() { [native code] } - 27:8:2021 | Info: Lavalink: Node Mainha avuto un errore: connect ETIMEDOUT 35.186.245.55:433"}
{"level":"info","message":"21:function getMinutes() { [native code] } - 27:8:2021 | Info: Lavalink: Node Mainha avuto un errore: connect ETIMEDOUT 35.186.245.55:433"}
{"level":"info","message":"21:function getMinutes() { [native code] } - 27:8:2021 | Info: Lavalink: Node Mainha avuto un errore: connect ETIMEDOUT 35.186.245.55:433"}
{"level":"info","message":"21:function getMinutes() { [native code] } - 27:8:2021 | Info: Lavalink: Node Mainha avuto un errore: Unable to connect after 5 attempts."}
